<?xml version="1.0" encoding="UTF-8"?>
<!-- Generated by org.testng.reporters.JUnitReportReporter -->
<testsuite hostname="INT17340470" failures="0" tests="2" name="StepDefinition.Parallel" time="14.686" errors="0" timestamp="2023-10-02T16:00:32 CEST" skipped="0">
  <testcase classname="StepDefinition.Parallel" name="ChromeTest" time="9.551"/>
  <testcase classname="StepDefinition.Parallel" name="FirefoxTest" time="5.135"/>
</testsuite> <!-- StepDefinition.Parallel -->
