<?xml version="1.0" encoding="UTF-8"?>
<!-- Generated by org.testng.reporters.JUnitReportReporter -->
<testsuite hostname="INT17340470" failures="0" tests="2" name="StepDefinition.Parallel" time="17.721" errors="0" timestamp="2023-08-11T13:48:57 CEST" skipped="0">
  <testcase classname="StepDefinition.Parallel" name="FirefoxTest" time="6.267"/>
  <testcase classname="StepDefinition.Parallel" name="ChromeTest" time="11.454"/>
</testsuite> <!-- StepDefinition.Parallel -->
